<?xml version="1.0" encoding="UTF-8"?>
<!-- Generated by org.testng.reporters.JUnitReportReporter -->
<testsuite hostname="DESKTOP-IU548MD" failures="0" tests="1" name="LearningTestNG.Example1" time="0.010" errors="0" timestamp="2025-11-28T11:03:20 IST" skipped="0">
  <testcase classname="LearningTestNG.Example1" name="OrderProductBook" time="0.010">
    <system-out>
      <![CDATA[Book Product Order Sucess]]>
    </system-out>
  </testcase> <!-- OrderProductBook -->
  <system-out>
    <![CDATA[Browser Opened Sucess
Navigation To Application Sucess
login Sucess
Book Product Order Sucess
logout Sucess
Browser Closed Sucess]]>
  </system-out>
</testsuite> <!-- LearningTestNG.Example1 -->
