<?xml version="1.0" encoding="UTF-8"?>
<!-- Generated by org.testng.reporters.JUnitReportReporter -->
<testsuite hostname="DESKTOP-IU548MD" failures="0" tests="1" name="TestExecution.ComputerProduct" time="3.727" errors="0" timestamp="2025-12-06T09:08:21 IST" skipped="0">
  <testcase classname="TestExecution.ComputerProduct" name="orderComputer_Desktop" time="3.727">
    <system-out>
      <![CDATA[order Computer Desktop Sucess]]>
    </system-out>
  </testcase> <!-- orderComputer_Desktop -->
  <system-out>
    <![CDATA[chrome Browser Opened Sucess
Name of Author: vicky
Navigation To Application Sucess
login Sucess
order Computer Desktop Sucess
logout Sucess
Browser Closed Sucess
chrome Browser Opened Sucess
Name of Author: vicky
Navigation To Application Sucess
login Sucess
order Electronic CellPhone Sucess
logout Sucess
Browser Closed Sucess
chrome Browser Opened Sucess
Name of Author: vicky
Navigation To Application Sucess
login Sucess
orderBook_HealthBook-Failure screenshot capture sucess
logout Sucess
Browser Closed Sucess]]>
  </system-out>
</testsuite> <!-- TestExecution.ComputerProduct -->
