<?xml version="1.0" encoding="UTF-8"?>
<!-- Generated by org.testng.reporters.JUnitReportReporter -->
<testsuite hostname="DESKTOP-IU548MD" failures="0" tests="17" name="LearningTestNG.DailyFoodMenu" time="0.064" errors="0" timestamp="2025-11-29T09:12:08 IST" skipped="1">
  <testcase classname="LearningTestNG.DailyFoodMenu" name="Chutney" time="0.023">
    <system-out>
      <![CDATA[Chutney]]>
    </system-out>
  </testcase> <!-- Chutney -->
  <testcase classname="LearningTestNG.DailyFoodMenu" name="Idly" time="0.002">
    <system-out>
      <![CDATA[Idly]]>
    </system-out>
  </testcase> <!-- Idly -->
  <testcase classname="LearningTestNG.DailyFoodMenu" name="Idly" time="0.005">
    <system-out>
      <![CDATA[Idly]]>
    </system-out>
  </testcase> <!-- Idly -->
  <testcase classname="LearningTestNG.DailyFoodMenu" name="Idly" time="0.003">
    <system-out>
      <![CDATA[Idly]]>
    </system-out>
  </testcase> <!-- Idly -->
  <testcase classname="LearningTestNG.DailyFoodMenu" name="Idly" time="0.003">
    <system-out>
      <![CDATA[Idly]]>
    </system-out>
  </testcase> <!-- Idly -->
  <testcase classname="LearningTestNG.DailyFoodMenu" name="Idly" time="0.003">
    <system-out>
      <![CDATA[Idly]]>
    </system-out>
  </testcase> <!-- Idly -->
  <testcase classname="LearningTestNG.DailyFoodMenu" name="Rytha" time="0.003">
    <system-out>
      <![CDATA[Rytha]]>
    </system-out>
  </testcase> <!-- Rytha -->
  <testcase classname="LearningTestNG.DailyFoodMenu" name="Biryani" time="0.002">
    <system-out>
      <![CDATA[Biryani]]>
    </system-out>
  </testcase> <!-- Biryani -->
  <testcase classname="LearningTestNG.DailyFoodMenu" name="Biryani" time="0.002">
    <system-out>
      <![CDATA[Biryani]]>
    </system-out>
  </testcase> <!-- Biryani -->
  <testcase classname="LearningTestNG.DailyFoodMenu" name="EggCurry" time="0.002">
    <system-out>
      <![CDATA[Eggcurry]]>
    </system-out>
  </testcase> <!-- EggCurry -->
  <testcase classname="LearningTestNG.DailyFoodMenu" name="Chapathi" time="0.002">
    <system-out>
      <![CDATA[Chapathi]]>
    </system-out>
  </testcase> <!-- Chapathi -->
  <testcase classname="LearningTestNG.DailyFoodMenu" name="Chapathi" time="0.003">
    <system-out>
      <![CDATA[Chapathi]]>
    </system-out>
  </testcase> <!-- Chapathi -->
  <testcase classname="LearningTestNG.DailyFoodMenu" name="Chapathi" time="0.002">
    <system-out>
      <![CDATA[Chapathi]]>
    </system-out>
  </testcase> <!-- Chapathi -->
  <testcase classname="LearningTestNG.DailyFoodMenu" name="Chapathi" time="0.004">
    <system-out>
      <![CDATA[Chapathi]]>
    </system-out>
  </testcase> <!-- Chapathi -->
  <testcase classname="LearningTestNG.DailyFoodMenu" name="Chapathi" time="0.001">
    <system-out>
      <![CDATA[Chapathi]]>
    </system-out>
  </testcase> <!-- Chapathi -->
  <testcase classname="LearningTestNG.DailyFoodMenu" name="Chapathi" time="0.004">
    <system-out>
      <![CDATA[Chapathi]]>
    </system-out>
  </testcase> <!-- Chapathi -->
  <testcase classname="LearningTestNG.DailyFoodMenu" name="CurdRice">
    <skipped/>
  </testcase> <!-- CurdRice -->
  <system-out>
    <![CDATA[Chutney
Idly
Idly
Idly
Idly
Idly
Rytha
Biryani
Biryani
Eggcurry
Chapathi
Chapathi
Chapathi
Chapathi
Chapathi
Chapathi]]>
  </system-out>
</testsuite> <!-- LearningTestNG.DailyFoodMenu -->
