<?xml version="1.0" encoding="UTF-8"?>
<!-- Generated by org.testng.reporters.JUnitReportReporter -->
<testsuite hostname="DESKTOP-IU548MD" failures="0" tests="3" name="LearningTestNG.LearningHardAssert" time="10.892" errors="0" timestamp="2025-12-01T09:19:04 IST" skipped="2">
  <testcase classname="LearningTestNG.LearningHardAssert" name="alignmentValidation" time="10.892">
    <system-out>
      <![CDATA[X coor validated
y coor validated
height validated
width validated]]>
    </system-out>
  </testcase> <!-- alignmentValidation -->
  <testcase classname="LearningTestNG.LearningHardAssert" name="validateTitle">
    <skipped/>
  </testcase> <!-- validateTitle -->
  <testcase classname="LearningTestNG.LearningHardAssert" name="validatedisplayStatus">
    <skipped/>
  </testcase> <!-- validatedisplayStatus -->
  <system-out>
    <![CDATA[X coor validated
y coor validated
height validated
width validated]]>
  </system-out>
</testsuite> <!-- LearningTestNG.LearningHardAssert -->
