<?xml version="1.0" encoding="UTF-8"?>
<!-- Generated by org.testng.reporters.JUnitReportReporter -->
<testsuite hostname="DESKTOP-IU548MD" failures="0" tests="1" name="LearningTestNG.LearningSoftAssert" time="4.421" errors="0" timestamp="2025-12-02T09:12:10 IST" skipped="0">
  <testcase classname="LearningTestNG.LearningSoftAssert" name="orderProduct" time="4.421">
    <system-out>
      <![CDATA[Title is Verified Sucess
DisplayStatus is Verified Sucess
Text is Verified Sucess
X coor validated
y coor validated
height validated
width validated]]>
    </system-out>
  </testcase> <!-- orderProduct -->
  <system-out>
    <![CDATA[Title is Verified Sucess
DisplayStatus is Verified Sucess
Text is Verified Sucess
X coor validated
y coor validated
height validated
width validated]]>
  </system-out>
</testsuite> <!-- LearningTestNG.LearningSoftAssert -->
