<?xml version="1.0" encoding="UTF-8"?>
<!-- Generated by org.testng.reporters.JUnitReportReporter -->
<testsuite hostname="DESKTOP-IU548MD" failures="0" tests="1" name="LearningParameterization.Task1" time="0.017" errors="0" timestamp="2025-12-03T09:15:10 IST" skipped="0">
  <testcase classname="LearningParameterization.Task1" name="orderProduct" time="0.017">
    <system-out>
      <![CDATA[Order Product Sucess ]]>
    </system-out>
  </testcase> <!-- orderProduct -->
  <system-out>
    <![CDATA[Edge Browser Opened Sucess
Name of Author: Vikas
Navigation To Application Sucess
login Sucess
Order Product Sucess 
logout Sucess
Browser Closed Sucess]]>
  </system-out>
</testsuite> <!-- LearningParameterization.Task1 -->
