<?xml version="1.0" encoding="UTF-8"?>
<testng-results ignored="0" total="1" passed="0" failed="1" skipped="0">
  <reporter-output>
  </reporter-output>
  <suite started-at="2025-12-27T11:24:26 IST" name="Suite" finished-at="2025-12-27T11:24:34 IST" duration-ms="7743">
    <groups>
    </groups>
    <test started-at="2025-12-27T11:24:26 IST" name="Test" finished-at="2025-12-27T11:24:34 IST" duration-ms="7743">
      <class name="DWSProductTest.AddproductTest">
        <test-method is-config="true" signature="browsersetup(java.lang.String,java.lang.String)[pri:0, instance:DWSProductTest.AddproductTest@12299890]" started-at="2025-12-27T11:24:26 IST" name="browsersetup" finished-at="2025-12-27T11:24:31 IST" duration-ms="5101" status="PASS">
          <params>
            <param index="0">
              <value>
                <![CDATA[chrome]]>
              </value>
            </param>
            <param index="1">
              <value>
                <![CDATA[Vicky]]>
              </value>
            </param>
          </params>
          <reporter-output>
          </reporter-output>
        </test-method> <!-- browsersetup -->
        <test-method is-config="true" signature="login()[pri:0, instance:DWSProductTest.AddproductTest@12299890]" started-at="2025-12-27T11:24:31 IST" name="login" finished-at="2025-12-27T11:24:33 IST" duration-ms="1575" status="PASS">
          <reporter-output>
          </reporter-output>
        </test-method> <!-- login -->
        <test-method signature="orderproduct()[pri:0, instance:DWSProductTest.AddproductTest@12299890]" started-at="2025-12-27T11:24:33 IST" name="orderproduct" finished-at="2025-12-27T11:24:33 IST" duration-ms="22" status="FAIL">
          <exception class="java.lang.NullPointerException">
            <message>
              <![CDATA[Cannot invoke "org.openqa.selenium.WebElement.sendKeys(java.lang.CharSequence[])" because the return value of "Pagerepository.OrderProduct.getSearchbox()" is null]]>
            </message>
            <full-stacktrace>
              <![CDATA[java.lang.NullPointerException: Cannot invoke "org.openqa.selenium.WebElement.sendKeys(java.lang.CharSequence[])" because the return value of "Pagerepository.OrderProduct.getSearchbox()" is null
at DWSProductTest.AddproductTest.orderproduct(AddproductTest.java:28)
at java.base/jdk.internal.reflect.DirectMethodHandleAccessor.invoke(DirectMethodHandleAccessor.java:103)
at java.base/java.lang.reflect.Method.invoke(Method.java:580)
at org.testng.internal.invokers.MethodInvocationHelper.invokeMethod(MethodInvocationHelper.java:141)
at org.testng.internal.invokers.TestInvoker.invokeMethod(TestInvoker.java:687)
at org.testng.internal.invokers.TestInvoker.invokeTestMethod(TestInvoker.java:230)
at org.testng.internal.invokers.MethodRunner.runInSequence(MethodRunner.java:63)
at org.testng.internal.invokers.TestInvoker$MethodInvocationAgent.invoke(TestInvoker.java:995)
at org.testng.internal.invokers.TestInvoker.invokeTestMethods(TestInvoker.java:203)
at org.testng.internal.invokers.TestMethodWorker.invokeTestMethods(TestMethodWorker.java:154)
at org.testng.internal.invokers.TestMethodWorker.run(TestMethodWorker.java:134)
at java.base/java.util.ArrayList.forEach(ArrayList.java:1596)
at org.testng.TestRunner.privateRun(TestRunner.java:741)
at org.testng.TestRunner.run(TestRunner.java:616)
at org.testng.SuiteRunner.runTest(SuiteRunner.java:421)
at org.testng.SuiteRunner.runSequentially(SuiteRunner.java:413)
at org.testng.SuiteRunner.privateRun(SuiteRunner.java:373)
at org.testng.SuiteRunner.run(SuiteRunner.java:312)
at org.testng.SuiteRunnerWorker.runSuite(SuiteRunnerWorker.java:52)
at org.testng.SuiteRunnerWorker.run(SuiteRunnerWorker.java:95)
at org.testng.TestNG.runSuitesSequentially(TestNG.java:1274)
at org.testng.TestNG.runSuitesLocally(TestNG.java:1208)
at org.testng.TestNG.runSuites(TestNG.java:1112)
at org.testng.TestNG.run(TestNG.java:1079)
at org.testng.remote.AbstractRemoteTestNG.run(AbstractRemoteTestNG.java:115)
at org.testng.remote.RemoteTestNG.initAndRun(RemoteTestNG.java:293)
at org.testng.remote.RemoteTestNG.main(RemoteTestNG.java:91)
]]>
            </full-stacktrace>
          </exception> <!-- java.lang.NullPointerException -->
          <reporter-output>
          </reporter-output>
        </test-method> <!-- orderproduct -->
        <test-method is-config="true" signature="logout()[pri:0, instance:DWSProductTest.AddproductTest@12299890]" started-at="2025-12-27T11:24:33 IST" name="logout" finished-at="2025-12-27T11:24:34 IST" duration-ms="880" status="PASS">
          <reporter-output>
          </reporter-output>
        </test-method> <!-- logout -->
        <test-method is-config="true" signature="browserterminate()[pri:0, instance:DWSProductTest.AddproductTest@12299890]" started-at="2025-12-27T11:24:34 IST" name="browserterminate" finished-at="2025-12-27T11:24:34 IST" duration-ms="121" status="PASS">
          <reporter-output>
          </reporter-output>
        </test-method> <!-- browserterminate -->
      </class> <!-- DWSProductTest.AddproductTest -->
    </test> <!-- Test -->
  </suite> <!-- Suite -->
</testng-results>
