<?xml version="1.0" encoding="UTF-8"?>
<!-- Generated by org.testng.reporters.JUnitReportReporter -->
<testsuite hostname="DESKTOP-IU548MD" failures="0" tests="1" name="testcases.SearchTest" time="9.706" errors="0" timestamp="2026-02-07T15:26:00 IST" skipped="0">
  <testcase classname="testcases.SearchTest" name="searchtestcase" time="9.706">
    <system-out>
      <![CDATA[Application launched sucessfully
Application closed sucessfully]]>
    </system-out>
  </testcase> <!-- searchtestcase -->
  <system-out>
    <![CDATA[Application launched sucessfully
Application closed sucessfully
Application launched sucessfully
Application launched sucessfully
subscribe test case completed]]>
  </system-out>
</testsuite> <!-- testcases.SearchTest -->
