<?xml version="1.0" encoding="UTF-8"?>
<!-- Generated by org.testng.reporters.JUnitReportReporter -->
<testsuite hostname="DESKTOP-IU548MD" failures="0" tests="1" name="testcases.SubscribeTest" time="4.396" errors="0" timestamp="2026-02-07T15:26:00 IST" skipped="0">
  <testcase classname="testcases.SubscribeTest" name="subscribetestcase" time="4.396">
    <system-out>
      <![CDATA[Application launched sucessfully
subscribe test case completed]]>
    </system-out>
  </testcase> <!-- subscribetestcase -->
  <system-out>
    <![CDATA[Application launched sucessfully
Application closed sucessfully
Application launched sucessfully
Application launched sucessfully
subscribe test case completed]]>
  </system-out>
</testsuite> <!-- testcases.SubscribeTest -->
