<?xml version="1.0" encoding="UTF-8"?>
<!-- Generated by org.testng.reporters.JUnitReportReporter -->
<testsuite hostname="DESKTOP-IU548MD" failures="0" tests="2" name="testng_features.Working_with_Helper_Attributes" time="16.197" errors="0" timestamp="2026-02-07T16:12:08 IST" skipped="0">
  <testcase classname="testng_features.Working_with_Helper_Attributes" name="subscribetestcase" time="7.551"/>
  <testcase classname="testng_features.Working_with_Helper_Attributes" name="subscribetestcase" time="8.646"/>
</testsuite> <!-- testng_features.Working_with_Helper_Attributes -->
