<?xml version="1.0" encoding="UTF-8"?>
<!-- Generated by org.testng.reporters.JUnitXMLReporter -->
<testsuite ignored="1" hostname="gopi" failures="2" tests="2" name="Test" time="0.169" errors="0" timestamp="2026-03-08T17:25:45 IST">
  <testcase classname="com.comcast.HMS.PatientTest.Book_AppointmentTest" name="BookAppointment" time="0.106">
    <failure type="java.lang.NullPointerException" message="Cannot invoke &amp;quot;org.openqa.selenium.SearchContext.findElement(org.openqa.selenium.By)&amp;quot; because &amp;quot;this.searchContext&amp;quot; is null">
      <![CDATA[java.lang.NullPointerException: Cannot invoke "org.openqa.selenium.SearchContext.findElement(org.openqa.selenium.By)" because "this.searchContext" is null
at org.openqa.selenium.support.pagefactory.DefaultElementLocator.findElement(DefaultElementLocator.java:68)
at org.openqa.selenium.support.pagefactory.internal.LocatingElementHandler.invoke(LocatingElementHandler.java:38)
at jdk.proxy2/jdk.proxy2.$Proxy19.isDisplayed(Unknown Source)
at org.openqa.selenium.support.ui.ExpectedConditions.elementIfVisible(ExpectedConditions.java:365)
at org.openqa.selenium.support.ui.ExpectedConditions$10.apply(ExpectedConditions.java:351)
at org.openqa.selenium.support.ui.ExpectedConditions$10.apply(ExpectedConditions.java:348)
at org.openqa.selenium.support.ui.FluentWait.until(FluentWait.java:209)
at com.comcast.HMS.generic.WebDriverUtility.WebDriverUtility.explicitWait(WebDriverUtility.java:104)
at com.comcast.HMS.PatientTest.Book_AppointmentTest.BookAppointment(Book_AppointmentTest.java:60)
at java.base/java.util.ArrayList.forEach(ArrayList.java:1596)
... Removed 25 stack frames]]>
    </failure>
  </testcase> <!-- BookAppointment -->
  <testcase classname="com.comcast.HMS.PatientTest.Book_AppointmentTest" name="BookAppointment" time="0.132">
    <failure type="java.lang.NullPointerException" message="Cannot invoke &amp;quot;org.openqa.selenium.TakesScreenshot.getScreenshotAs(org.openqa.selenium.OutputType)&amp;quot; because &amp;quot;ts&amp;quot; is null">
      <![CDATA[java.lang.NullPointerException: Cannot invoke "org.openqa.selenium.TakesScreenshot.getScreenshotAs(org.openqa.selenium.OutputType)" because "ts" is null
at com.comcast.HMS.ListenerUtility.Listener_Implementation.onTestFailure(Listener_Implementation.java:153)
at java.base/java.util.ArrayList.forEach(ArrayList.java:1596)
... Removed 24 stack frames]]>
    </failure>
  </testcase> <!-- BookAppointment -->
  <testcase classname="com.comcast.HMS.PatientTest.Book_AppointmentTest" name="AppointmentHistory" time="0.0">
    <ignored/>
  </testcase> <!-- AppointmentHistory -->
</testsuite> <!-- Test -->
