<?xml version="1.0" encoding="UTF-8"?>
<!-- Generated by org.testng.reporters.JUnitXMLReporter -->
<testsuite ignored="0" hostname="DESKTOP-IU548MD" failures="1" tests="1" name="Test" time="7.743" errors="0" timestamp="2025-12-27T11:24:34 IST">
  <testcase classname="DWSProductTest.AddproductTest" name="orderproduct" time="0.022">
    <failure type="java.lang.NullPointerException" message="Cannot invoke &amp;quot;org.openqa.selenium.WebElement.sendKeys(java.lang.CharSequence[])&amp;quot; because the return value of &amp;quot;Pagerepository.OrderProduct.getSearchbox()&amp;quot; is null">
      <![CDATA[java.lang.NullPointerException: Cannot invoke "org.openqa.selenium.WebElement.sendKeys(java.lang.CharSequence[])" because the return value of "Pagerepository.OrderProduct.getSearchbox()" is null
at DWSProductTest.AddproductTest.orderproduct(AddproductTest.java:28)
at java.base/java.util.ArrayList.forEach(ArrayList.java:1596)
... Removed 25 stack frames]]>
    </failure>
  </testcase> <!-- orderproduct -->
</testsuite> <!-- Test -->
