<?xml version="1.0" encoding="UTF-8"?>
<!-- Generated by org.testng.reporters.JUnitXMLReporter -->
<testsuite ignored="1" hostname="DESKTOP-IU548MD" failures="2" tests="3" name="Test3" time="0.115" errors="0" timestamp="2025-12-19T12:10:06 IST">
  <testcase classname="assesement.Task1" name="vicky" time="0.008">
    <failure type="org.testng.internal.reflect.MethodMatcherException" message="
[public void assesement.Task1.vicky()] has no parameters defined but was found to be using a data provider (either explicitly specified or inherited from class level annotation).
Data provider mismatch
Method: vicky([])
Arguments: [(java.lang.String) idli,(java.lang.String) biryani,(java.lang.String) chapathi]">
      <![CDATA[org.testng.internal.reflect.MethodMatcherException: 
[public void assesement.Task1.vicky()] has no parameters defined but was found to be using a data provider (either explicitly specified or inherited from class level annotation).
Data provider mismatch
Method: vicky([])
Arguments: [(java.lang.String) idli,(java.lang.String) biryani,(java.lang.String) chapathi]
at java.base/java.util.ArrayList.forEach(ArrayList.java:1596)
... Removed 22 stack frames]]>
    </failure>
  </testcase> <!-- vicky -->
  <testcase classname="assesement.Task1" name="vicky" time="0.002">
    <failure type="org.testng.internal.reflect.MethodMatcherException" message="
[public void assesement.Task1.vicky()] has no parameters defined but was found to be using a data provider (either explicitly specified or inherited from class level annotation).
Data provider mismatch
Method: vicky([])
Arguments: [(java.lang.String) idli,(java.lang.String) biryani,(java.lang.String) chapathi]">
      <![CDATA[org.testng.internal.reflect.MethodMatcherException: 
[public void assesement.Task1.vicky()] has no parameters defined but was found to be using a data provider (either explicitly specified or inherited from class level annotation).
Data provider mismatch
Method: vicky([])
Arguments: [(java.lang.String) idli,(java.lang.String) biryani,(java.lang.String) chapathi]
at java.base/java.util.ArrayList.forEach(ArrayList.java:1596)
... Removed 22 stack frames]]>
    </failure>
  </testcase> <!-- vicky -->
  <testcase classname="assesement.Task1" name="hyma" time="0.0">
    <skipped/>
  </testcase> <!-- hyma -->
  <testcase classname="assesement.Task1" name="vijii" time="0.0">
    <ignored/>
  </testcase> <!-- vijii -->
</testsuite> <!-- Test3 -->
