<?xml version="1.0" encoding="UTF-8"?>
<testng-results ignored="0" total="2" passed="2" failed="0" skipped="0">
  <reporter-output>
  </reporter-output>
  <suite started-at="2026-03-04T08:39:20 IST" name="Suite" finished-at="2026-03-04T08:39:30 IST" duration-ms="10846">
    <groups>
    </groups>
    <test started-at="2026-03-04T08:39:20 IST" name="Test" finished-at="2026-03-04T08:39:30 IST" duration-ms="10846">
      <class name="com.comcast.HMS.PatientTest.Book_AppointmentTest">
        <test-method is-config="true" signature="conficBS()[pri:0, instance:com.comcast.HMS.PatientTest.Book_AppointmentTest@4b2bac3f]" started-at="2026-03-04T08:39:19 IST" name="conficBS" finished-at="2026-03-04T08:39:20 IST" duration-ms="246" status="PASS">
          <reporter-output>
          </reporter-output>
        </test-method> <!-- conficBS -->
        <test-method is-config="true" signature="configBC()[pri:0, instance:com.comcast.HMS.PatientTest.Book_AppointmentTest@4b2bac3f]" started-at="2026-03-04T08:39:26 IST" name="configBC" finished-at="2026-03-04T08:39:27 IST" duration-ms="857" status="PASS">
          <reporter-output>
          </reporter-output>
        </test-method> <!-- configBC -->
        <test-method is-config="true" signature="configBM()[pri:0, instance:com.comcast.HMS.PatientTest.Book_AppointmentTest@4b2bac3f]" started-at="2026-03-04T08:39:27 IST" name="configBM" finished-at="2026-03-04T08:39:28 IST" duration-ms="1330" status="PASS">
          <reporter-output>
          </reporter-output>
        </test-method> <!-- configBM -->
        <test-method signature="BookAppointment()[pri:1, instance:com.comcast.HMS.PatientTest.Book_AppointmentTest@4b2bac3f]" started-at="2026-03-04T08:39:28 IST" name="BookAppointment" finished-at="2026-03-04T08:39:29 IST" duration-ms="1390" status="PASS">
          <reporter-output>
          </reporter-output>
        </test-method> <!-- BookAppointment -->
        <test-method is-config="true" signature="closeApp()[pri:0, instance:com.comcast.HMS.PatientTest.Book_AppointmentTest@4b2bac3f]" started-at="2026-03-04T08:39:30 IST" name="closeApp" finished-at="2026-03-04T08:39:30 IST" duration-ms="453" status="PASS">
          <reporter-output>
          </reporter-output>
        </test-method> <!-- closeApp -->
        <test-method is-config="true" signature="ConfigAC()[pri:0, instance:com.comcast.HMS.PatientTest.Book_AppointmentTest@4b2bac3f]" started-at="2026-03-04T08:39:30 IST" name="ConfigAC" finished-at="2026-03-04T08:39:30 IST" duration-ms="282" status="PASS">
          <reporter-output>
          </reporter-output>
        </test-method> <!-- ConfigAC -->
        <test-method is-config="true" signature="configAS()[pri:0, instance:com.comcast.HMS.PatientTest.Book_AppointmentTest@4b2bac3f]" started-at="2026-03-04T08:39:31 IST" name="configAS" finished-at="2026-03-04T08:39:31 IST" duration-ms="1" status="FAIL">
          <exception class="java.lang.NullPointerException">
            <message>
              <![CDATA[Cannot invoke "java.sql.Connection.close()" because "this.con" is null]]>
            </message>
            <full-stacktrace>
              <![CDATA[java.lang.NullPointerException: Cannot invoke "java.sql.Connection.close()" because "this.con" is null
at com.comcarst.HMS.generic.databaseutility.DatabaseUtility.closeDbconnection(DatabaseUtility.java:63)
at com.comcast.HMS.BaseTest.HMSBaseTest.configAS(HMSBaseTest.java:185)
at java.base/jdk.internal.reflect.DirectMethodHandleAccessor.invoke(DirectMethodHandleAccessor.java:103)
at java.base/java.lang.reflect.Method.invoke(Method.java:580)
at org.testng.internal.invokers.MethodInvocationHelper.invokeMethod(MethodInvocationHelper.java:141)
at org.testng.internal.invokers.MethodInvocationHelper.invokeMethodConsideringTimeout(MethodInvocationHelper.java:71)
at org.testng.internal.invokers.ConfigInvoker.invokeConfigurationMethod(ConfigInvoker.java:400)
at org.testng.internal.invokers.ConfigInvoker.invokeConfigurations(ConfigInvoker.java:333)
at org.testng.SuiteRunner.privateRun(SuiteRunner.java:386)
at org.testng.SuiteRunner.run(SuiteRunner.java:312)
at org.testng.SuiteRunnerWorker.runSuite(SuiteRunnerWorker.java:52)
at org.testng.SuiteRunnerWorker.run(SuiteRunnerWorker.java:95)
at org.testng.TestNG.runSuitesSequentially(TestNG.java:1274)
at org.testng.TestNG.runSuitesLocally(TestNG.java:1208)
at org.testng.TestNG.runSuites(TestNG.java:1112)
at org.testng.TestNG.run(TestNG.java:1079)
at org.testng.remote.AbstractRemoteTestNG.run(AbstractRemoteTestNG.java:115)
at org.testng.remote.RemoteTestNG.initAndRun(RemoteTestNG.java:293)
at org.testng.remote.RemoteTestNG.main(RemoteTestNG.java:91)
]]>
            </full-stacktrace>
          </exception> <!-- java.lang.NullPointerException -->
          <reporter-output>
          </reporter-output>
        </test-method> <!-- configAS -->
      </class> <!-- com.comcast.HMS.PatientTest.Book_AppointmentTest -->
      <class name="com.comcast.HMS.DoctorTest.Add_PatientTest">
        <test-method is-config="true" signature="conficBS()[pri:0, instance:com.comcast.HMS.DoctorTest.Add_PatientTest@3857f613]" started-at="2026-03-04T08:39:20 IST" name="conficBS" finished-at="2026-03-04T08:39:20 IST" duration-ms="5" status="PASS">
          <reporter-output>
          </reporter-output>
        </test-method> <!-- conficBS -->
        <test-method is-config="true" signature="openBrowser()[pri:0, instance:com.comcast.HMS.DoctorTest.Add_PatientTest@3857f613]" started-at="2026-03-04T08:39:20 IST" name="openBrowser" finished-at="2026-03-04T08:39:21 IST" duration-ms="1395" status="PASS">
          <reporter-output>
          </reporter-output>
        </test-method> <!-- openBrowser -->
        <test-method is-config="true" signature="login()[pri:0, instance:com.comcast.HMS.DoctorTest.Add_PatientTest@3857f613]" started-at="2026-03-04T08:39:21 IST" name="login" finished-at="2026-03-04T08:39:23 IST" duration-ms="1651" status="PASS">
          <reporter-output>
          </reporter-output>
        </test-method> <!-- login -->
        <test-method signature="addPatient1()[pri:0, instance:com.comcast.HMS.DoctorTest.Add_PatientTest@3857f613]" started-at="2026-03-04T08:39:23 IST" name="addPatient1" finished-at="2026-03-04T08:39:25 IST" duration-ms="2023" status="PASS">
          <reporter-output>
          </reporter-output>
        </test-method> <!-- addPatient1 -->
        <test-method is-config="true" signature="logout()[pri:0, instance:com.comcast.HMS.DoctorTest.Add_PatientTest@3857f613]" started-at="2026-03-04T08:39:25 IST" name="logout" finished-at="2026-03-04T08:39:25 IST" duration-ms="427" status="PASS">
          <reporter-output>
          </reporter-output>
        </test-method> <!-- logout -->
        <test-method is-config="true" signature="ConfigAC()[pri:0, instance:com.comcast.HMS.DoctorTest.Add_PatientTest@3857f613]" started-at="2026-03-04T08:39:25 IST" name="ConfigAC" finished-at="2026-03-04T08:39:26 IST" duration-ms="264" status="PASS">
          <reporter-output>
          </reporter-output>
        </test-method> <!-- ConfigAC -->
        <test-method is-config="true" signature="configAS()[pri:0, instance:com.comcast.HMS.DoctorTest.Add_PatientTest@3857f613]" started-at="2026-03-04T08:39:31 IST" name="configAS" finished-at="2026-03-04T08:39:31 IST" duration-ms="0" status="SKIP">
          <reporter-output>
          </reporter-output>
        </test-method> <!-- configAS -->
      </class> <!-- com.comcast.HMS.DoctorTest.Add_PatientTest -->
    </test> <!-- Test -->
  </suite> <!-- Suite -->
</testng-results>
