<?xml version="1.0" encoding="UTF-8"?>
<testng-results ignored="0" total="1" passed="1" failed="0" skipped="0">
  <reporter-output>
  </reporter-output>
  <suite started-at="2026-03-12T09:49:20 IST" name="Default suite" finished-at="2026-03-12T09:49:44 IST" duration-ms="23114">
    <groups>
    </groups>
    <test started-at="2026-03-12T09:49:20 IST" name="Default test" finished-at="2026-03-12T09:49:44 IST" duration-ms="23114">
      <class name="com.comcast.HMS.AppointmentTest.Broken_Links">
        <test-method signature="links()[pri:0, instance:com.comcast.HMS.AppointmentTest.Broken_Links@815b41f]" started-at="2026-03-12T09:49:21 IST" name="links" finished-at="2026-03-12T09:49:44 IST" duration-ms="23038" status="PASS">
          <reporter-output>
          </reporter-output>
        </test-method> <!-- links -->
      </class> <!-- com.comcast.HMS.AppointmentTest.Broken_Links -->
    </test> <!-- Default test -->
  </suite> <!-- Default suite -->
</testng-results>
